2025-05-21 20:28:04,972 [INFO] [RELIANCE] ⚖️ HOLD | Current: ₹1429.20 | Predicted: ₹1424.10
2025-05-21 20:28:05,404 [INFO] [TCS] ⚖️ HOLD | Current: ₹3521.10 | Predicted: ₹3518.41
2025-05-21 20:28:06,004 [INFO] [INFY] ⚖️ HOLD | Current: ₹1566.90 | Predicted: ₹1562.47
2025-05-21 20:28:06,579 [INFO] [HDFCBANK] ⚖️ HOLD | Current: ₹1926.80 | Predicted: ₹1923.67
2025-05-21 20:34:24,479 [INFO] [RELIANCE] ⚖️ HOLD | Current: ₹1429.20 | Predicted: ₹1424.10
2025-05-21 20:34:25,515 [INFO] [TCS] ⚖️ HOLD | Current: ₹3521.10 | Predicted: ₹3518.41
2025-05-21 20:34:26,714 [INFO] [INFY] ⚖️ HOLD | Current: ₹1566.90 | Predicted: ₹1562.47
2025-05-21 20:34:27,881 [INFO] [HDFCBANK] ⚖️ HOLD | Current: ₹1926.80 | Predicted: ₹1923.67
2025-05-21 20:35:30,635 [INFO] [RELIANCE] ⚖️ HOLD | Current: ₹1429.20 | Predicted: ₹1424.10
2025-05-21 20:35:30,967 [INFO] [TCS] ⚖️ HOLD | Current: ₹3521.10 | Predicted: ₹3518.41
2025-05-21 20:35:31,285 [INFO] [INFY] ⚖️ HOLD | Current: ₹1566.90 | Predicted: ₹1562.47
2025-05-21 20:35:31,735 [INFO] [HDFCBANK] ⚖️ HOLD | Current: ₹1926.80 | Predicted: ₹1923.67
2025-05-21 20:36:33,285 [INFO] [RELIANCE] ⚖️ HOLD | Current: ₹1429.20 | Predicted: ₹1424.10
2025-05-21 20:36:34,017 [INFO] [TCS] ⚖️ HOLD | Current: ₹3521.10 | Predicted: ₹3518.41
2025-05-21 20:36:34,680 [INFO] [INFY] ⚖️ HOLD | Current: ₹1566.90 | Predicted: ₹1562.47
2025-05-21 20:36:35,344 [INFO] [HDFCBANK] ⚖️ HOLD | Current: ₹1926.80 | Predicted: ₹1923.67
2025-05-21 20:37:36,824 [INFO] [RELIANCE] ⚖️ HOLD | Current: ₹1429.20 | Predicted: ₹1424.10
2025-05-21 20:37:37,295 [INFO] [TCS] ⚖️ HOLD | Current: ₹3521.10 | Predicted: ₹3518.41
2025-05-21 20:37:37,700 [INFO] [INFY] ⚖️ HOLD | Current: ₹1566.90 | Predicted: ₹1562.47
2025-05-21 20:37:38,036 [INFO] [HDFCBANK] ⚖️ HOLD | Current: ₹1926.80 | Predicted: ₹1923.67
2025-05-21 20:38:39,426 [INFO] [RELIANCE] ⚖️ HOLD | Current: ₹1429.20 | Predicted: ₹1424.10
2025-05-21 20:38:40,186 [INFO] [TCS] ⚖️ HOLD | Current: ₹3521.10 | Predicted: ₹3518.41
2025-05-21 20:38:40,753 [INFO] [INFY] ⚖️ HOLD | Current: ₹1566.90 | Predicted: ₹1562.47
2025-05-21 20:38:41,237 [INFO] [HDFCBANK] ⚖️ HOLD | Current: ₹1926.80 | Predicted: ₹1923.67
2025-05-21 20:39:42,694 [INFO] [RELIANCE] ⚖️ HOLD | Current: ₹1429.20 | Predicted: ₹1424.10
2025-05-21 20:39:43,145 [INFO] [TCS] ⚖️ HOLD | Current: ₹3521.10 | Predicted: ₹3518.41
2025-05-21 20:39:43,484 [INFO] [INFY] ⚖️ HOLD | Current: ₹1566.90 | Predicted: ₹1562.47
2025-05-21 20:39:43,747 [INFO] [HDFCBANK] ⚖️ HOLD | Current: ₹1926.80 | Predicted: ₹1923.67
2025-05-21 20:40:45,406 [INFO] [RELIANCE] ⚖️ HOLD | Current: ₹1429.20 | Predicted: ₹1424.10
2025-05-21 20:40:46,024 [INFO] [TCS] ⚖️ HOLD | Current: ₹3521.10 | Predicted: ₹3518.41
2025-05-21 20:40:46,511 [INFO] [INFY] ⚖️ HOLD | Current: ₹1566.90 | Predicted: ₹1562.47
2025-05-21 20:40:47,408 [INFO] [HDFCBANK] ⚖️ HOLD | Current: ₹1926.80 | Predicted: ₹1923.67
2025-05-21 20:41:49,324 [INFO] [RELIANCE] ⚖️ HOLD | Current: ₹1429.20 | Predicted: ₹1424.10
2025-05-21 20:41:49,954 [INFO] [TCS] ⚖️ HOLD | Current: ₹3521.10 | Predicted: ₹3518.41
2025-05-21 20:41:50,546 [INFO] [INFY] ⚖️ HOLD | Current: ₹1566.90 | Predicted: ₹1562.47
2025-05-21 20:41:51,067 [INFO] [HDFCBANK] ⚖️ HOLD | Current: ₹1926.80 | Predicted: ₹1923.67
2025-05-21 20:42:52,497 [INFO] [RELIANCE] ⚖️ HOLD | Current: ₹1429.20 | Predicted: ₹1424.10
2025-05-21 20:42:52,850 [INFO] [TCS] ⚖️ HOLD | Current: ₹3521.10 | Predicted: ₹3518.41
2025-05-21 20:42:53,148 [INFO] [INFY] ⚖️ HOLD | Current: ₹1566.90 | Predicted: ₹1562.47
2025-05-21 20:42:53,482 [INFO] [HDFCBANK] ⚖️ HOLD | Current: ₹1926.80 | Predicted: ₹1923.67
2025-05-21 20:43:54,597 [INFO] [RELIANCE] ⚖️ HOLD | Current: ₹1429.20 | Predicted: ₹1424.10
2025-05-21 20:43:54,996 [INFO] [TCS] ⚖️ HOLD | Current: ₹3521.10 | Predicted: ₹3518.41
2025-05-21 20:43:55,451 [INFO] [INFY] ⚖️ HOLD | Current: ₹1566.90 | Predicted: ₹1562.47
2025-05-21 20:43:55,877 [INFO] [HDFCBANK] ⚖️ HOLD | Current: ₹1926.80 | Predicted: ₹1923.67
2025-05-21 20:44:57,074 [INFO] [RELIANCE] ⚖️ HOLD | Current: ₹1429.20 | Predicted: ₹1424.10
2025-05-21 20:44:57,560 [INFO] [TCS] ⚖️ HOLD | Current: ₹3521.10 | Predicted: ₹3518.41
2025-05-21 20:44:58,048 [INFO] [INFY] ⚖️ HOLD | Current: ₹1566.90 | Predicted: ₹1562.47
2025-05-21 20:44:58,515 [INFO] [HDFCBANK] ⚖️ HOLD | Current: ₹1926.80 | Predicted: ₹1923.67
2025-05-21 20:46:00,222 [INFO] [RELIANCE] ⚖️ HOLD | Current: ₹1429.20 | Predicted: ₹1424.10
2025-05-21 20:46:00,717 [INFO] [TCS] ⚖️ HOLD | Current: ₹3521.10 | Predicted: ₹3518.41
2025-05-21 20:46:01,224 [INFO] [INFY] ⚖️ HOLD | Current: ₹1566.90 | Predicted: ₹1562.47
2025-05-21 20:46:01,914 [INFO] [HDFCBANK] ⚖️ HOLD | Current: ₹1926.80 | Predicted: ₹1923.67
2025-05-21 20:47:03,827 [INFO] [RELIANCE] ⚖️ HOLD | Current: ₹1429.20 | Predicted: ₹1424.10
2025-05-21 20:47:04,257 [INFO] [TCS] ⚖️ HOLD | Current: ₹3521.10 | Predicted: ₹3518.41
2025-05-21 20:47:04,588 [INFO] [INFY] ⚖️ HOLD | Current: ₹1566.90 | Predicted: ₹1562.47
2025-05-21 20:47:04,945 [INFO] [HDFCBANK] ⚖️ HOLD | Current: ₹1926.80 | Predicted: ₹1923.67
2025-05-21 20:48:06,009 [INFO] [RELIANCE] ⚖️ HOLD | Current: ₹1429.20 | Predicted: ₹1424.10
2025-05-21 20:48:06,442 [INFO] [TCS] ⚖️ HOLD | Current: ₹3521.10 | Predicted: ₹3518.41
2025-05-21 20:48:07,004 [INFO] [INFY] ⚖️ HOLD | Current: ₹1566.90 | Predicted: ₹1562.47
2025-05-21 20:48:07,486 [INFO] [HDFCBANK] ⚖️ HOLD | Current: ₹1926.80 | Predicted: ₹1923.67
2025-05-21 20:49:00,684 [INFO] [RELIANCE] ⚖️ HOLD | Current: ₹1429.20 | Predicted: ₹1424.10
2025-05-21 20:49:01,249 [INFO] [TCS] ⚖️ HOLD | Current: ₹3521.10 | Predicted: ₹3518.41
2025-05-21 20:49:01,836 [INFO] [INFY] ⚖️ HOLD | Current: ₹1566.90 | Predicted: ₹1562.47
2025-05-21 20:49:02,448 [INFO] [HDFCBANK] ⚖️ HOLD | Current: ₹1926.80 | Predicted: ₹1923.67
2025-05-21 20:49:13,854 [INFO] [RELIANCE] ⚖️ HOLD | Current: ₹1429.20 | Predicted: ₹1424.10
2025-05-21 20:49:14,176 [INFO] [TCS] ⚖️ HOLD | Current: ₹3521.10 | Predicted: ₹3518.41
2025-05-21 20:49:14,641 [INFO] [INFY] ⚖️ HOLD | Current: ₹1566.90 | Predicted: ₹1562.47
2025-05-21 20:49:15,319 [INFO] [HDFCBANK] ⚖️ HOLD | Current: ₹1926.80 | Predicted: ₹1923.67
2025-05-21 20:55:38,758 [INFO] [RELIANCE] ⚖️ HOLD | Current: ₹1429.20 | Predicted: ₹1424.10
2025-05-21 20:55:39,349 [INFO] [TCS] ⚖️ HOLD | Current: ₹3521.10 | Predicted: ₹3518.41
2025-05-21 20:55:39,853 [INFO] [INFY] ⚖️ HOLD | Current: ₹1566.90 | Predicted: ₹1562.47
2025-05-21 20:55:40,305 [INFO] [HDFCBANK] ⚖️ HOLD | Current: ₹1926.80 | Predicted: ₹1923.67
2025-05-21 20:55:49,475 [INFO] [RELIANCE] ⚖️ HOLD | Current: ₹1429.20 | Predicted: ₹1424.10
2025-05-21 20:55:50,067 [INFO] [TCS] ⚖️ HOLD | Current: ₹3521.10 | Predicted: ₹3518.41
2025-05-21 20:55:50,565 [INFO] [INFY] ⚖️ HOLD | Current: ₹1566.90 | Predicted: ₹1562.47
2025-05-21 20:55:51,010 [INFO] [HDFCBANK] ⚖️ HOLD | Current: ₹1926.80 | Predicted: ₹1923.67
2025-05-21 20:56:00,762 [INFO] [RELIANCE] ⚖️ HOLD | Current: ₹1429.20 | Predicted: ₹1424.10
2025-05-21 20:56:00,780 [INFO] [RELIANCE] ⚖️ HOLD | Current: ₹1429.20 | Predicted: ₹1424.10
2025-05-21 20:56:02,213 [INFO] [RELIANCE] ⚖️ HOLD | Current: ₹1429.20 | Predicted: ₹1424.10
2025-05-21 20:56:02,712 [INFO] [RELIANCE] ⚖️ HOLD | Current: ₹3521.10 | Predicted: ₹3513.97
2025-05-21 20:56:02,717 [INFO] [TCS] ⚖️ HOLD | Current: ₹3521.10 | Predicted: ₹3518.41
2025-05-21 20:56:03,110 [INFO] [TCS] ⚖️ HOLD | Current: ₹3521.10 | Predicted: ₹3518.41
2025-05-21 20:56:03,372 [INFO] [INFY] ⚖️ HOLD | Current: ₹1566.90 | Predicted: ₹1562.47
2025-05-21 20:56:03,689 [INFO] [HDFCBANK] ⚖️ HOLD | Current: ₹1566.90 | Predicted: ₹1567.84
2025-05-21 20:56:06,245 [INFO] [RELIANCE] ⚖️ HOLD | Current: ₹1429.20 | Predicted: ₹1424.10
2025-05-21 20:56:06,250 [INFO] [RELIANCE] ⚖️ HOLD | Current: ₹1429.20 | Predicted: ₹1424.10
2025-05-21 20:56:06,758 [INFO] [RELIANCE] ⚖️ HOLD | Current: ₹3521.10 | Predicted: ₹3513.97
2025-05-21 20:56:07,761 [INFO] [RELIANCE] ⚖️ HOLD | Current: ₹1429.20 | Predicted: ₹1424.10
2025-05-21 20:56:08,292 [ERROR] 🚫 Failed to apply scaler for RELIANCE: setting an array element with a sequence.
2025-05-21 20:56:08,295 [ERROR] 🚫 Failed to apply scaler for TCS: setting an array element with a sequence.
2025-05-21 20:56:08,665 [INFO] [TCS] ⚖️ HOLD | Current: ₹3521.10 | Predicted: ₹3518.41
2025-05-21 20:56:08,744 [INFO] [INFY] ⚖️ HOLD | Current: ₹1566.90 | Predicted: ₹1562.47
2025-05-21 20:56:09,142 [INFO] [RELIANCE] ⚖️ HOLD | Current: ₹1566.90 | Predicted: ₹1561.57
2025-05-21 20:56:09,190 [INFO] [HDFCBANK] ⚖️ HOLD | Current: ₹1566.90 | Predicted: ₹1567.84
2025-05-21 20:56:26,854 [INFO] [RELIANCE] ⚖️ HOLD | Current: ₹1429.20 | Predicted: ₹1424.10
2025-05-21 20:56:26,866 [INFO] [RELIANCE] ⚖️ HOLD | Current: ₹1429.20 | Predicted: ₹1424.10
2025-05-21 20:56:27,491 [INFO] [RELIANCE] ⚖️ HOLD | Current: ₹3521.10 | Predicted: ₹3513.97
2025-05-21 20:56:28,254 [INFO] [RELIANCE] ⚖️ HOLD | Current: ₹3521.10 | Predicted: ₹3513.97
2025-05-21 20:56:28,259 [INFO] [TCS] ⚖️ HOLD | Current: ₹3521.10 | Predicted: ₹3518.41
2025-05-21 20:56:28,363 [INFO] [INFY] ⚖️ HOLD | Current: ₹1429.20 | Predicted: ₹1427.25
2025-05-21 20:56:28,816 [INFO] [HDFCBANK] ⚖️ HOLD | Current: ₹3521.10 | Predicted: ₹3507.31
2025-05-21 20:56:29,586 [INFO] [RELIANCE] ⚖️ HOLD | Current: ₹1429.20 | Predicted: ₹1424.10
2025-05-21 20:56:29,957 [INFO] [RELIANCE] ⚖️ HOLD | Current: ₹3521.10 | Predicted: ₹3513.97
2025-05-21 20:56:29,965 [INFO] [TCS] ⚖️ HOLD | Current: ₹3521.10 | Predicted: ₹3518.41
2025-05-21 20:56:30,240 [INFO] [INFY] ⚖️ HOLD | Current: ₹1429.20 | Predicted: ₹1427.25
2025-05-21 20:56:30,642 [INFO] [HDFCBANK] ⚖️ HOLD | Current: ₹3521.10 | Predicted: ₹3507.31
2025-05-21 21:13:56,930 [INFO] [RELIANCE] ⚖️ HOLD | Current: ₹1429.20 | Predicted: ₹1424.10
2025-05-21 21:13:57,799 [INFO] [TCS] ⚖️ HOLD | Current: ₹3521.10 | Predicted: ₹3518.41
2025-05-21 21:13:58,428 [INFO] [INFY] ⚖️ HOLD | Current: ₹1566.90 | Predicted: ₹1562.47
2025-05-21 21:13:59,093 [INFO] [HDFCBANK] ⚖️ HOLD | Current: ₹1926.80 | Predicted: ₹1923.67
